<?xml version="1.0" encoding="UTF-8"?>
<!-- Generated by org.testng.reporters.JUnitReportReporter -->
<testsuite hostname="Deveshs-MacBook-Air.local" failures="0" tests="1" name="testcases.SecondTest" time="12.947" errors="0" timestamp="2023-04-23T22:11:02 IST" skipped="0">
  <testcase classname="testcases.SecondTest" name="Second" time="12.947"/>
  <system-out/>
</testsuite> <!-- testcases.SecondTest -->
