<?xml version="1.0" encoding="UTF-8"?>
<!-- Generated by org.testng.reporters.JUnitReportReporter -->
<testsuite hostname="Deveshs-Air" failures="0" tests="1" name="testcases.SecondTest" time="9.903" errors="0" timestamp="2023-05-05T17:34:53 IST" skipped="0">
  <testcase classname="testcases.SecondTest" name="Second" time="9.903"/>
  <system-out/>
</testsuite> <!-- testcases.SecondTest -->
