<?xml version="1.0" encoding="UTF-8"?>
<!-- Generated by org.testng.reporters.JUnitReportReporter -->
<testsuite hostname="Deveshs-Air" failures="0" tests="1" name="testcases.SecondTest" time="17.866" errors="0" timestamp="2023-05-05T18:21:20 IST" skipped="0">
  <testcase classname="testcases.SecondTest" name="Second" time="17.866"/>
  <system-out/>
</testsuite> <!-- testcases.SecondTest -->
